{"C:\\Users\\Sagar\\Documents\\GitHub\\RSS-API\\server.js":{"path":"C:\\Users\\Sagar\\Documents\\GitHub\\RSS-API\\server.js","s":{"1":1,"2":1,"3":1,"4":1,"5":1,"6":1,"7":1,"8":1,"9":1,"10":1,"11":1,"12":1,"13":1,"14":1,"15":0,"16":0,"17":1,"18":0,"19":1,"20":1,"21":1,"22":0},"b":{"1":[1,1]},"f":{"1":0,"2":0,"3":0},"fnMap":{"1":{"name":"(anonymous_1)","line":28,"loc":{"start":{"line":28,"column":11},"end":{"line":28,"column":35}}},"2":{"name":"(anonymous_2)","line":33,"loc":{"start":{"line":33,"column":16},"end":{"line":33,"column":35}}},"3":{"name":"(anonymous_3)","line":43,"loc":{"start":{"line":43,"column":28},"end":{"line":43,"column":38}}}},"statementMap":{"1":{"start":{"line":2,"column":0},"end":{"line":2,"column":33}},"2":{"start":{"line":3,"column":0},"end":{"line":3,"column":20}},"3":{"start":{"line":4,"column":0},"end":{"line":4,"column":40}},"4":{"start":{"line":5,"column":0},"end":{"line":5,"column":35}},"5":{"start":{"line":6,"column":0},"end":{"line":6,"column":47}},"6":{"start":{"line":10,"column":0},"end":{"line":10,"column":39}},"7":{"start":{"line":11,"column":0},"end":{"line":11,"column":39}},"8":{"start":{"line":14,"column":0},"end":{"line":14,"column":76}},"9":{"start":{"line":17,"column":0},"end":{"line":17,"column":49}},"10":{"start":{"line":18,"column":0},"end":{"line":18,"column":27}},"11":{"start":{"line":20,"column":0},"end":{"line":20,"column":44}},"12":{"start":{"line":22,"column":0},"end":{"line":22,"column":30}},"13":{"start":{"line":24,"column":0},"end":{"line":24,"column":79}},"14":{"start":{"line":28,"column":0},"end":{"line":31,"column":3}},"15":{"start":{"line":29,"column":4},"end":{"line":29,"column":42}},"16":{"start":{"line":30,"column":4},"end":{"line":30,"column":11}},"17":{"start":{"line":33,"column":0},"end":{"line":35,"column":3}},"18":{"start":{"line":34,"column":4},"end":{"line":34,"column":57}},"19":{"start":{"line":40,"column":0},"end":{"line":40,"column":24}},"20":{"start":{"line":41,"column":0},"end":{"line":41,"column":20}},"21":{"start":{"line":43,"column":0},"end":{"line":45,"column":3}},"22":{"start":{"line":44,"column":4},"end":{"line":44,"column":60}}},"branchMap":{"1":{"line":20,"type":"binary-expr","locations":[{"start":{"line":20,"column":17},"end":{"line":20,"column":33}},{"start":{"line":20,"column":37},"end":{"line":20,"column":41}}]}}},"C:\\Users\\Sagar\\Documents\\GitHub\\RSS-API\\resources\\response.js":{"path":"C:\\Users\\Sagar\\Documents\\GitHub\\RSS-API\\resources\\response.js","s":{"1":1,"2":0,"3":0,"4":0,"5":0,"6":0,"7":0,"8":0,"9":0,"10":0,"11":0,"12":0,"13":0,"14":0,"15":0,"16":0,"17":0,"18":0,"19":0,"20":0,"21":0},"b":{},"f":{"1":0,"2":0,"3":0,"4":0,"5":0,"6":0,"7":0,"8":0,"9":0,"10":0},"fnMap":{"1":{"name":"(anonymous_1)","line":2,"loc":{"start":{"line":2,"column":17},"end":{"line":2,"column":36}}},"2":{"name":"(anonymous_2)","line":7,"loc":{"start":{"line":7,"column":19},"end":{"line":7,"column":39}}},"3":{"name":"(anonymous_3)","line":12,"loc":{"start":{"line":12,"column":15},"end":{"line":12,"column":34}}},"4":{"name":"(anonymous_4)","line":17,"loc":{"start":{"line":17,"column":17},"end":{"line":17,"column":37}}},"5":{"name":"(anonymous_5)","line":22,"loc":{"start":{"line":22,"column":17},"end":{"line":22,"column":36}}},"6":{"name":"(anonymous_6)","line":27,"loc":{"start":{"line":27,"column":19},"end":{"line":27,"column":33}}},"7":{"name":"(anonymous_7)","line":32,"loc":{"start":{"line":32,"column":17},"end":{"line":32,"column":36}}},"8":{"name":"(anonymous_8)","line":37,"loc":{"start":{"line":37,"column":19},"end":{"line":37,"column":33}}},"9":{"name":"(anonymous_9)","line":42,"loc":{"start":{"line":42,"column":19},"end":{"line":42,"column":42}}},"10":{"name":"(anonymous_10)","line":47,"loc":{"start":{"line":47,"column":18},"end":{"line":47,"column":32}}}},"statementMap":{"1":{"start":{"line":1,"column":0},"end":{"line":52,"column":2}},"2":{"start":{"line":3,"column":8},"end":{"line":3,"column":51}},"3":{"start":{"line":4,"column":8},"end":{"line":4,"column":22}},"4":{"start":{"line":8,"column":8},"end":{"line":8,"column":24}},"5":{"start":{"line":9,"column":8},"end":{"line":9,"column":87}},"6":{"start":{"line":13,"column":8},"end":{"line":13,"column":70}},"7":{"start":{"line":14,"column":8},"end":{"line":14,"column":22}},"8":{"start":{"line":18,"column":8},"end":{"line":18,"column":24}},"9":{"start":{"line":19,"column":8},"end":{"line":19,"column":76}},"10":{"start":{"line":23,"column":8},"end":{"line":23,"column":66}},"11":{"start":{"line":24,"column":8},"end":{"line":24,"column":22}},"12":{"start":{"line":28,"column":8},"end":{"line":28,"column":24}},"13":{"start":{"line":29,"column":8},"end":{"line":29,"column":64}},"14":{"start":{"line":33,"column":8},"end":{"line":33,"column":73}},"15":{"start":{"line":34,"column":8},"end":{"line":34,"column":22}},"16":{"start":{"line":38,"column":8},"end":{"line":38,"column":24}},"17":{"start":{"line":39,"column":8},"end":{"line":39,"column":65}},"18":{"start":{"line":43,"column":8},"end":{"line":43,"column":24}},"19":{"start":{"line":44,"column":8},"end":{"line":44,"column":48}},"20":{"start":{"line":48,"column":8},"end":{"line":48,"column":24}},"21":{"start":{"line":49,"column":8},"end":{"line":49,"column":69}}},"branchMap":{}},"C:\\Users\\Sagar\\Documents\\GitHub\\RSS-API\\models\\feed.js":{"path":"C:\\Users\\Sagar\\Documents\\GitHub\\RSS-API\\models\\feed.js","s":{"1":1,"2":1,"3":1,"4":1},"b":{},"f":{},"fnMap":{},"statementMap":{"1":{"start":{"line":1,"column":0},"end":{"line":1,"column":39}},"2":{"start":{"line":2,"column":0},"end":{"line":2,"column":35}},"3":{"start":{"line":4,"column":0},"end":{"line":15,"column":3}},"4":{"start":{"line":17,"column":0},"end":{"line":17,"column":52}}},"branchMap":{}},"C:\\Users\\Sagar\\Documents\\GitHub\\RSS-API\\models\\user.js":{"path":"C:\\Users\\Sagar\\Documents\\GitHub\\RSS-API\\models\\user.js","s":{"1":1,"2":1,"3":1,"4":1},"b":{},"f":{},"fnMap":{},"statementMap":{"1":{"start":{"line":1,"column":0},"end":{"line":1,"column":39}},"2":{"start":{"line":2,"column":0},"end":{"line":2,"column":35}},"3":{"start":{"line":4,"column":0},"end":{"line":9,"column":3}},"4":{"start":{"line":11,"column":0},"end":{"line":11,"column":52}}},"branchMap":{}},"C:\\Users\\Sagar\\Documents\\GitHub\\RSS-API\\routes\\user_routes.js":{"path":"C:\\Users\\Sagar\\Documents\\GitHub\\RSS-API\\routes\\user_routes.js","s":{"1":1,"2":1,"3":0,"4":0,"5":0,"6":0,"7":0,"8":0,"9":0,"10":0,"11":0,"12":0,"13":1,"14":0,"15":0,"16":0,"17":0,"18":0,"19":0,"20":0,"21":0,"22":0,"23":0,"24":0,"25":0,"26":0,"27":0,"28":0,"29":0,"30":0,"31":0,"32":1,"33":0,"34":0,"35":0,"36":0,"37":0,"38":0,"39":0,"40":0,"41":0,"42":0,"43":0,"44":0,"45":0,"46":0,"47":0,"48":0,"49":0,"50":0,"51":0,"52":1},"b":{"1":[0,0],"2":[0,0],"3":[0,0],"4":[0,0],"5":[0,0],"6":[0,0],"7":[0,0],"8":[0,0],"9":[0,0],"10":[0,0]},"f":{"1":1,"2":0,"3":0,"4":0,"5":0,"6":0,"7":0,"8":0,"9":0,"10":0,"11":0,"12":0,"13":0,"14":0,"15":0,"16":0,"17":0},"fnMap":{"1":{"name":"(anonymous_1)","line":1,"loc":{"start":{"line":1,"column":17},"end":{"line":1,"column":52}}},"2":{"name":"(anonymous_2)","line":4,"loc":{"start":{"line":4,"column":10},"end":{"line":4,"column":28}}},"3":{"name":"(anonymous_3)","line":9,"loc":{"start":{"line":9,"column":18},"end":{"line":9,"column":31}}},"4":{"name":"(anonymous_4)","line":16,"loc":{"start":{"line":16,"column":9},"end":{"line":16,"column":27}}},"5":{"name":"(anonymous_5)","line":17,"loc":{"start":{"line":17,"column":18},"end":{"line":17,"column":38}}},"6":{"name":"(anonymous_6)","line":26,"loc":{"start":{"line":26,"column":9},"end":{"line":26,"column":27}}},"7":{"name":"(anonymous_7)","line":29,"loc":{"start":{"line":29,"column":14},"end":{"line":29,"column":34}}},"8":{"name":"(anonymous_8)","line":37,"loc":{"start":{"line":37,"column":9},"end":{"line":37,"column":27}}},"9":{"name":"(anonymous_9)","line":38,"loc":{"start":{"line":38,"column":37},"end":{"line":38,"column":57}}},"10":{"name":"(anonymous_10)","line":44,"loc":{"start":{"line":44,"column":22},"end":{"line":44,"column":42}}},"11":{"name":"(anonymous_11)","line":52,"loc":{"start":{"line":52,"column":12},"end":{"line":52,"column":31}}},"12":{"name":"(anonymous_12)","line":55,"loc":{"start":{"line":55,"column":11},"end":{"line":55,"column":30}}},"13":{"name":"(anonymous_13)","line":64,"loc":{"start":{"line":64,"column":10},"end":{"line":64,"column":28}}},"14":{"name":"(anonymous_14)","line":65,"loc":{"start":{"line":65,"column":51},"end":{"line":65,"column":74}}},"15":{"name":"(anonymous_15)","line":72,"loc":{"start":{"line":72,"column":29},"end":{"line":72,"column":49}}},"16":{"name":"(anonymous_16)","line":79,"loc":{"start":{"line":79,"column":41},"end":{"line":79,"column":61}}},"17":{"name":"(anonymous_17)","line":85,"loc":{"start":{"line":85,"column":51},"end":{"line":85,"column":66}}}},"statementMap":{"1":{"start":{"line":1,"column":0},"end":{"line":97,"column":1}},"2":{"start":{"line":3,"column":4},"end":{"line":23,"column":7}},"3":{"start":{"line":5,"column":8},"end":{"line":5,"column":30}},"4":{"start":{"line":7,"column":8},"end":{"line":7,"column":42}},"5":{"start":{"line":9,"column":8},"end":{"line":14,"column":11}},"6":{"start":{"line":10,"column":12},"end":{"line":12,"column":13}},"7":{"start":{"line":11,"column":16},"end":{"line":11,"column":44}},"8":{"start":{"line":13,"column":12},"end":{"line":13,"column":43}},"9":{"start":{"line":17,"column":8},"end":{"line":22,"column":11}},"10":{"start":{"line":18,"column":12},"end":{"line":20,"column":13}},"11":{"start":{"line":19,"column":16},"end":{"line":19,"column":42}},"12":{"start":{"line":21,"column":12},"end":{"line":21,"column":42}},"13":{"start":{"line":25,"column":4},"end":{"line":61,"column":7}},"14":{"start":{"line":27,"column":8},"end":{"line":35,"column":11}},"15":{"start":{"line":30,"column":12},"end":{"line":33,"column":13}},"16":{"start":{"line":31,"column":16},"end":{"line":31,"column":42}},"17":{"start":{"line":32,"column":16},"end":{"line":32,"column":23}},"18":{"start":{"line":34,"column":12},"end":{"line":34,"column":41}},"19":{"start":{"line":38,"column":8},"end":{"line":50,"column":11}},"20":{"start":{"line":39,"column":12},"end":{"line":42,"column":13}},"21":{"start":{"line":40,"column":16},"end":{"line":40,"column":42}},"22":{"start":{"line":41,"column":16},"end":{"line":41,"column":23}},"23":{"start":{"line":43,"column":12},"end":{"line":43,"column":46}},"24":{"start":{"line":44,"column":12},"end":{"line":49,"column":15}},"25":{"start":{"line":45,"column":16},"end":{"line":47,"column":17}},"26":{"start":{"line":46,"column":20},"end":{"line":46,"column":48}},"27":{"start":{"line":48,"column":16},"end":{"line":48,"column":45}},"28":{"start":{"line":53,"column":8},"end":{"line":60,"column":11}},"29":{"start":{"line":56,"column":12},"end":{"line":58,"column":13}},"30":{"start":{"line":57,"column":16},"end":{"line":57,"column":44}},"31":{"start":{"line":59,"column":12},"end":{"line":59,"column":37}},"32":{"start":{"line":63,"column":4},"end":{"line":94,"column":7}},"33":{"start":{"line":65,"column":8},"end":{"line":93,"column":11}},"34":{"start":{"line":66,"column":12},"end":{"line":78,"column":13}},"35":{"start":{"line":67,"column":16},"end":{"line":67,"column":41}},"36":{"start":{"line":68,"column":16},"end":{"line":68,"column":47}},"37":{"start":{"line":69,"column":16},"end":{"line":69,"column":59}},"38":{"start":{"line":70,"column":16},"end":{"line":70,"column":51}},"39":{"start":{"line":72,"column":16},"end":{"line":77,"column":19}},"40":{"start":{"line":73,"column":20},"end":{"line":76,"column":21}},"41":{"start":{"line":74,"column":24},"end":{"line":74,"column":51}},"42":{"start":{"line":75,"column":24},"end":{"line":75,"column":31}},"43":{"start":{"line":79,"column":12},"end":{"line":92,"column":15}},"44":{"start":{"line":80,"column":16},"end":{"line":83,"column":17}},"45":{"start":{"line":81,"column":20},"end":{"line":81,"column":45}},"46":{"start":{"line":82,"column":20},"end":{"line":82,"column":27}},"47":{"start":{"line":84,"column":16},"end":{"line":91,"column":19}},"48":{"start":{"line":86,"column":20},"end":{"line":89,"column":21}},"49":{"start":{"line":87,"column":24},"end":{"line":87,"column":52}},"50":{"start":{"line":88,"column":24},"end":{"line":88,"column":31}},"51":{"start":{"line":90,"column":20},"end":{"line":90,"column":51}},"52":{"start":{"line":96,"column":4},"end":{"line":96,"column":18}}},"branchMap":{"1":{"line":10,"type":"if","locations":[{"start":{"line":10,"column":12},"end":{"line":10,"column":12}},{"start":{"line":10,"column":12},"end":{"line":10,"column":12}}]},"2":{"line":18,"type":"if","locations":[{"start":{"line":18,"column":12},"end":{"line":18,"column":12}},{"start":{"line":18,"column":12},"end":{"line":18,"column":12}}]},"3":{"line":30,"type":"if","locations":[{"start":{"line":30,"column":12},"end":{"line":30,"column":12}},{"start":{"line":30,"column":12},"end":{"line":30,"column":12}}]},"4":{"line":39,"type":"if","locations":[{"start":{"line":39,"column":12},"end":{"line":39,"column":12}},{"start":{"line":39,"column":12},"end":{"line":39,"column":12}}]},"5":{"line":45,"type":"if","locations":[{"start":{"line":45,"column":16},"end":{"line":45,"column":16}},{"start":{"line":45,"column":16},"end":{"line":45,"column":16}}]},"6":{"line":56,"type":"if","locations":[{"start":{"line":56,"column":12},"end":{"line":56,"column":12}},{"start":{"line":56,"column":12},"end":{"line":56,"column":12}}]},"7":{"line":66,"type":"if","locations":[{"start":{"line":66,"column":12},"end":{"line":66,"column":12}},{"start":{"line":66,"column":12},"end":{"line":66,"column":12}}]},"8":{"line":73,"type":"if","locations":[{"start":{"line":73,"column":20},"end":{"line":73,"column":20}},{"start":{"line":73,"column":20},"end":{"line":73,"column":20}}]},"9":{"line":80,"type":"if","locations":[{"start":{"line":80,"column":16},"end":{"line":80,"column":16}},{"start":{"line":80,"column":16},"end":{"line":80,"column":16}}]},"10":{"line":86,"type":"if","locations":[{"start":{"line":86,"column":20},"end":{"line":86,"column":20}},{"start":{"line":86,"column":20},"end":{"line":86,"column":20}}]}}}}